            --------------------------------------------------------
                             AMBER SQM VERSION 19
 
                                     By
              Ross C. Walker, Michael F. Crowley, Scott Brozell,
                         Tim Giese, Andreas W. Goetz,
                        Tai-Sung Lee and David A. Case
 
            --------------------------------------------------------
 

--------------------------------------------------------------------------------
  QM CALCULATION INFO
--------------------------------------------------------------------------------

| QMMM: Citation for AMBER QMMM Run:
| QMMM: R.C. Walker, M.F. Crowley and D.A. Case, J. COMP. CHEM. 29:1019, 2008

QMMM: SINGLET STATE CALCULATION
QMMM: RHF CALCULATION, NO. OF DOUBLY OCCUPIED LEVELS = 71

| QMMM: *** Selected Hamiltonian *** 
| QMMM: AM1         

| QMMM: *** Parameter sets in use ***
| QMMM: C : M.J.S.DEWAR et al. JACS, 107, 3902, (1985)
| QMMM: N : M.J.S.DEWAR et al. JACS, 107, 3902, (1985)
| QMMM: O : M.J.S.DEWAR et al. JACS, 107, 3902, (1985)
| QMMM: H : M.J.S.DEWAR et al. JACS, 107, 3902, (1985)

| QMMM: *** SCF convergence criteria ***
| QMMM: Energy change                :  0.1D-09 kcal/mol
| QMMM: Error matrix |FP-PF|         :  0.1D+00 au
| QMMM: Density matrix change        :  0.5D-06
| QMMM: Maximum number of SCF cycles :     1000

| QMMM: *** Diagonalization Routine Information ***
| QMMM: Pseudo diagonalizations are allowed.
| QMMM: Auto diagonalization routine selection is in use.
| QMMM:
| QMMM: Timing diagonalization routines:
| QMMM:                              norbs =      135
| QMMM:    diag iterations used for timing =       10
| QMMM:
| QMMM:              Internal diag routine = 0.154554 seconds
| QMMM:                 Dspev diag routine = 0.158903 seconds
| QMMM:                Dspevd diag routine = 0.082923 seconds
| QMMM:                Dspevx diag routine = 0.331961 seconds
| QMMM:                 Dsyev diag routine = 0.253194 seconds
| QMMM:                Dsyevd diag routine = 0.087857 seconds
| QMMM:                Dsyevr diag routine = 0.080419 seconds
| QMMM:
| QMMM:                Pseudo diag routine = 0.049243 seconds
| QMMM:
| QMMM: Using dsyevr routine (diag_routine=7).

  QMMM: QM Region Cartesian Coordinates (*=link atom) 
  QMMM: QM_NO.   MM_NO.  ATOM         X         Y         Z
  QMMM:     1        1      C       -0.4210   -0.2220   -0.8760
  QMMM:     2        2      C        0.8700   -1.0260   -1.0860
  QMMM:     3        3      C        2.1080   -0.1310   -1.2390
  QMMM:     4        4      C        3.3850   -0.9450   -1.4930
  QMMM:     5        5      C        4.6300   -0.0620   -1.6620
  QMMM:     6        6      C        5.8910   -0.8870   -1.9670
  QMMM:     7        7      C        7.1440   -0.0250   -2.1800
  QMMM:     8        8      N        8.2570   -0.8930   -2.5220
  QMMM:     9        9      O        7.5140    0.5700   -0.9610
  QMMM:    10       10      C        9.4410   -0.1390   -2.9070
  QMMM:    11       11      C       10.6430   -1.0920   -2.8810
  QMMM:    12       12      C       11.9810   -0.3320   -3.0440
  QMMM:    13       13      N       13.2430   -1.1250   -2.8470
  QMMM:    14       14      C       14.3810   -0.1920   -3.1670
  QMMM:    15       15      C       13.3360   -1.5900   -1.4330
  QMMM:    16       16      C       15.8380   -0.7090   -3.0030
  QMMM:    17       17      O       16.6490    0.4370   -3.0200
  QMMM:    18       18      O       16.1490   -1.5560   -4.0790
  QMMM:    19       19      C       13.2480   -2.3070   -3.7560
  QMMM:    20       20      C       -1.6540   -1.1260   -0.7400
  QMMM:    21       21      C       -2.9550   -0.3300   -0.5620
  QMMM:    22       22      C       -4.1860   -1.2410   -0.4420
  QMMM:    23       23      C       -5.4920   -0.4500   -0.2800
  QMMM:    24       24      C       -6.7180   -1.3620   -0.1660
  QMMM:    25       25      H       -0.3240    0.3990    0.0160
  QMMM:    26       26      H       -0.5640    0.4620   -1.7130
  QMMM:    27       27      H        1.0140   -1.7060   -0.2450
  QMMM:    28       28      H        0.7630   -1.6520   -1.9730
  QMMM:    29       29      H        1.9500    0.5650   -2.0640
  QMMM:    30       30      H        2.2300    0.4780   -0.3410
  QMMM:    31       31      H        3.5410   -1.6400   -0.6660
  QMMM:    32       32      H        3.2470   -1.5560   -2.3860
  QMMM:    33       33      H        4.4620    0.6510   -2.4710
  QMMM:    34       34      H        4.7760    0.5300   -0.7580
  QMMM:    35       35      H        6.0630   -1.6100   -1.1670
  QMMM:    36       36      H        5.7040   -1.4740   -2.8680
  QMMM:    37       37      H        7.9620   -1.5040   -3.2720
  QMMM:    38       38      H        9.3000    0.3120   -3.8900
  QMMM:    39       39      H        9.6140    0.6760   -2.2020
  QMMM:    40       40      H       10.6140   -1.6250   -1.9310
  QMMM:    41       41      H       10.5130   -1.8360   -3.6670
  QMMM:    42       42      H       11.9850    0.1160   -4.0400
  QMMM:    43       43      H       11.9830    0.5070   -2.3450
  QMMM:    44       44      H       14.2670    0.1920   -4.1830
  QMMM:    45       45      H       14.2700    0.6800   -2.5190
  QMMM:    46       46      H       17.4750    0.2820   -2.5790
  QMMM:    47       47      H       14.2350   -2.1760   -1.2500
  QMMM:    48       48      H       13.3350   -0.7510   -0.7350
  QMMM:    49       49      H       12.5100   -2.2450   -1.1590
  QMMM:    50       50      H       14.1320   -2.9280   -3.6140
  QMMM:    51       51      H       12.4040   -2.9720   -3.5740
  QMMM:    52       52      H       13.2180   -2.0030   -4.8030
  QMMM:    53       53      H       -1.7380   -1.7600   -1.6250
  QMMM:    54       54      H       -1.5210   -1.7990    0.1080
  QMMM:    55       55      H       -2.8790    0.2990    0.3260
  QMMM:    56       56      H       -3.0850    0.3460   -1.4090
  QMMM:    57       57      H       -4.2550   -1.8760   -1.3260
  QMMM:    58       58      H       -4.0590   -1.9110    0.4100
  QMMM:    59       59      H       -5.4310    0.1840    0.6060
  QMMM:    60       60      H       -5.6220    0.2220   -1.1300
  QMMM:    61       61      H       -7.6310   -0.7750   -0.0540
  QMMM:    62       62      H       -6.8330   -1.9840   -1.0550
  QMMM:    63       63      H       -6.6420   -2.0230    0.6980

--------------------------------------------------------------------------------
  RESULTS
--------------------------------------------------------------------------------

      iter         sqm energy              rms gradient
      ----    -------------------    -----------------------
xmin    10      -41.9761 kcal/mol        0.7893 kcal/(mol*A)
xmin    20      -43.3667 kcal/mol        0.4954 kcal/(mol*A)
xmin    30      -44.8088 kcal/mol        0.7433 kcal/(mol*A)
xmin    40      -45.9508 kcal/mol        0.5034 kcal/(mol*A)
xmin    50      -46.2261 kcal/mol        0.3045 kcal/(mol*A)
xmin    60      -46.7414 kcal/mol        0.7714 kcal/(mol*A)
xmin    70      -47.2389 kcal/mol        0.6167 kcal/(mol*A)
xmin    80      -47.8840 kcal/mol        0.2968 kcal/(mol*A)
xmin    90      -48.4673 kcal/mol        0.3505 kcal/(mol*A)
xmin   100      -48.5926 kcal/mol        0.5208 kcal/(mol*A)
xmin   110      -48.6966 kcal/mol        0.1560 kcal/(mol*A)
xmin   120      -49.1981 kcal/mol        0.1636 kcal/(mol*A)
xmin   130      -49.4064 kcal/mol        0.1066 kcal/(mol*A)
xmin   140      -49.4410 kcal/mol        0.0458 kcal/(mol*A)
xmin   150      -49.4555 kcal/mol        0.0399 kcal/(mol*A)
xmin   160      -49.4614 kcal/mol        0.0400 kcal/(mol*A)
xmin   170      -49.4647 kcal/mol        0.0169 kcal/(mol*A)
xmin   180      -49.4671 kcal/mol        0.0107 kcal/(mol*A)
xmin   190      -49.4695 kcal/mol        0.0224 kcal/(mol*A)
xmin   200      -49.4705 kcal/mol        0.0147 kcal/(mol*A)
xmin   210      -49.4744 kcal/mol        0.0251 kcal/(mol*A)
xmin   220      -49.4766 kcal/mol        0.0093 kcal/(mol*A)
xmin   230      -49.4773 kcal/mol        0.0124 kcal/(mol*A)
xmin   240      -49.4781 kcal/mol        0.0069 kcal/(mol*A)
xmin   250      -49.4789 kcal/mol        0.0055 kcal/(mol*A)
xmin   260      -49.4815 kcal/mol        0.0112 kcal/(mol*A)
xmin   270      -49.4831 kcal/mol        0.0297 kcal/(mol*A)
xmin   280      -49.4845 kcal/mol        0.0184 kcal/(mol*A)
xmin   290      -49.4861 kcal/mol        0.0105 kcal/(mol*A)
xmin   300      -49.4869 kcal/mol        0.0269 kcal/(mol*A)
xmin   310      -49.4884 kcal/mol        0.0475 kcal/(mol*A)
xmin   320      -49.4896 kcal/mol        0.0140 kcal/(mol*A)
xmin   330      -49.4907 kcal/mol        0.0058 kcal/(mol*A)
xmin   340      -49.4911 kcal/mol        0.0031 kcal/(mol*A)
xmin   350      -49.4913 kcal/mol        0.0048 kcal/(mol*A)
xmin   360      -49.4914 kcal/mol        0.0020 kcal/(mol*A)
xmin   370      -49.4914 kcal/mol        0.0021 kcal/(mol*A)
xmin   380      -49.4915 kcal/mol        0.0137 kcal/(mol*A)
xmin   390      -49.4916 kcal/mol        0.0022 kcal/(mol*A)
xmin   400      -49.4916 kcal/mol        0.0011 kcal/(mol*A)
  ... geometry converged !
 
 Final MO eigenvalues (eV):
 -46.1589  -44.1438  -42.9057  -40.5952  -39.7104  -39.2715  -38.4303  -36.9836
 -36.3329  -34.5519  -34.4075  -33.2061  -32.2752  -31.3418  -29.4062  -28.4762
 -26.7048  -26.1632  -25.9676  -24.4154  -23.9438  -23.4025  -23.0733  -22.7427
 -22.4180  -22.1814  -21.9839  -21.8384  -20.9514  -20.6726  -20.4476  -20.3498
 -19.2152  -18.7779  -18.6963  -18.2212  -18.1958  -18.0462  -17.8677  -17.7437
 -17.6592  -17.4429  -17.3090  -17.1962  -17.0696  -16.7631  -16.6060  -16.4442
 -16.3163  -16.1186  -16.0775  -15.8190  -15.6475  -15.4413  -15.3638  -15.1664
 -14.9205  -14.4338  -14.3406  -14.0338  -13.7780  -13.7258  -13.5421  -13.3074
 -13.2498  -13.1956  -12.8078  -12.7923  -12.4421  -12.4224  -12.1525   -3.9044
  -3.0321   -2.2720   -1.7937   -1.7159   -1.5146   -1.3593   -1.0758   -0.8883
  -0.7415   -0.5775   -0.4788   -0.3762   -0.0963   -0.0538    0.0200    0.0316
   0.1601    0.2559    0.3857    0.4250    0.4620    0.6760    0.7891    0.8728
   1.1179    1.1797    1.4341    1.4917    1.7293    1.8674    2.0113    2.1664
   2.2061    2.3162    2.4034    2.5033    2.6858    2.7191    2.7228    2.7327
   2.9423    2.9506    3.0299    3.1632    3.1758    3.1851    3.2446    3.3509
   3.4361    3.4964    3.5561    3.6565    3.7069    3.7121    3.8578    3.9644
   3.9845    3.9874    4.0842    4.1492    4.2272    4.2827    4.3665

 Heat of formation   =        -49.49162289 kcal/mol  (       -2.14611781 eV)

 Total SCF energy    =    -100123.45423978 kcal/mol  (    -4341.67877541 eV)
 Electronic energy   =    -744621.79192400 kcal/mol  (   -32289.22388118 eV)
 Core-core repulsion =     644498.33768423 kcal/mol  (    27947.54510577 eV)
 
    Atomic Charges for Step       1 :
  Atom    Element       Mulliken Charge
     1      C                 -0.157
     2      C                 -0.158
     3      C                 -0.158
     4      C                 -0.160
     5      C                 -0.157
     6      C                 -0.180
     7      C                  0.323
     8      N                 -0.384
     9      O                 -0.437
    10      C                 -0.013
    11      C                 -0.206
    12      C                 -0.109
    13      N                  0.047
    14      C                 -0.139
    15      C                 -0.214
    16      C                  0.298
    17      O                 -0.281
    18      O                 -0.324
    19      C                 -0.208
    20      C                 -0.158
    21      C                 -0.158
    22      C                 -0.158
    23      C                 -0.158
    24      C                 -0.211
    25      H                  0.080
    26      H                  0.080
    27      H                  0.083
    28      H                  0.082
    29      H                  0.080
    30      H                  0.082
    31      H                  0.090
    32      H                  0.086
    33      H                  0.078
    34      H                  0.093
    35      H                  0.134
    36      H                  0.116
    37      H                  0.249
    38      H                  0.109
    39      H                  0.077
    40      H                  0.134
    41      H                  0.127
    42      H                  0.129
    43      H                  0.133
    44      H                  0.171
    45      H                  0.171
    46      H                  0.283
    47      H                  0.161
    48      H                  0.123
    49      H                  0.185
    50      H                  0.161
    51      H                  0.181
    52      H                  0.126
    53      H                  0.080
    54      H                  0.081
    55      H                  0.079
    56      H                  0.079
    57      H                  0.080
    58      H                  0.080
    59      H                  0.078
    60      H                  0.078
    61      H                  0.075
    62      H                  0.073
    63      H                  0.073
 Total Mulliken Charge =       1.000
 
                  X        Y        Z     TOTAL  
  QM DIPOLE    53.408   -1.266  -15.448   55.612
 
 Final Structure

  QMMM: QM Region Cartesian Coordinates (*=link atom) 
  QMMM: QM_NO.   MM_NO.  ATOM         X         Y         Z
  QMMM:     1        1      C        0.4283   -0.5129   -1.0692
  QMMM:     2        2      C        1.5370   -1.4959   -1.3786
  QMMM:     3        3      C        2.8303   -0.7785   -1.7018
  QMMM:     4        4      C        3.9372   -1.7630   -2.0138
  QMMM:     5        5      C        5.2322   -1.0433   -2.3317
  QMMM:     6        6      C        6.3239   -2.0370   -2.6661
  QMMM:     7        7      C        7.6786   -1.3826   -2.8210
  QMMM:     8        8      N        7.8262   -0.3739   -3.7524
  QMMM:     9        9      O        8.6677   -1.7466   -2.1420
  QMMM:    10       10      C        9.0653    0.3233   -3.9355
  QMMM:    11       11      C       10.2326   -0.5646   -4.3934
  QMMM:    12       12      C       11.5784   -0.0961   -3.8651
  QMMM:    13       13      N       12.0307   -0.6462   -2.5251
  QMMM:    14       14      C       13.4774   -0.2572   -2.3869
  QMMM:    15       15      C       11.2351   -0.0488   -1.4125
  QMMM:    16       16      C       14.1314   -0.6300   -1.0762
  QMMM:    17       17      O       15.3732   -0.1027   -0.9806
  QMMM:    18       18      O       13.6949   -1.3206   -0.1555
  QMMM:    19       19      C       11.8958   -2.1334   -2.4858
  QMMM:    20       20      C       -0.8649   -1.2300   -0.7453
  QMMM:    21       21      C       -1.9745   -0.2477   -0.4368
  QMMM:    22       22      C       -3.2676   -0.9645   -0.1127
  QMMM:    23       23      C       -4.3787    0.0166    0.1956
  QMMM:    24       24      C       -5.6681   -0.6929    0.5190
  QMMM:    25       25      H        0.7280    0.1320   -0.2014
  QMMM:    26       26      H        0.2713    0.1668   -1.9479
  QMMM:    27       27      H        1.6930   -2.1758   -0.4998
  QMMM:    28       28      H        1.2367   -2.1405   -2.2465
  QMMM:    29       29      H        2.6727   -0.0969   -2.5790
  QMMM:    30       30      H        3.1312   -0.1361   -0.8325
  QMMM:    31       31      H        4.0910   -2.4462   -1.1370
  QMMM:    32       32      H        3.6377   -2.4031   -2.8852
  QMMM:    33       33      H        5.0637   -0.3439   -3.1925
  QMMM:    34       34      H        5.5409   -0.4219   -1.4500
  QMMM:    35       35      H        6.4121   -2.7989   -1.8443
  QMMM:    36       36      H        6.0735   -2.5850   -3.6134
  QMMM:    37       37      H        7.0508   -0.1053   -4.3107
  QMMM:    38       38      H        8.9044    1.1328   -4.7040
  QMMM:    39       39      H        9.3438    0.8294   -2.9649
  QMMM:    40       40      H       10.0423   -1.6395   -4.1317
  QMMM:    41       41      H       10.2969   -0.5167   -5.5161
  QMMM:    42       42      H       12.3680   -0.3999   -4.6139
  QMMM:    43       43      H       11.5806    1.0281   -3.7731
  QMMM:    44       44      H       14.0672   -0.7593   -3.2107
  QMMM:    45       45      H       13.5622    0.8630   -2.5116
  QMMM:    46       46      H       15.7849   -0.3710   -0.1359
  QMMM:    47       47      H       11.6269   -0.4283   -0.4285
  QMMM:    48       48      H       11.3139    1.0681   -1.4546
  QMMM:    49       49      H       10.1590   -0.3719   -1.5161
  QMMM:    50       50      H       12.4300   -2.5316   -1.5792
  QMMM:    51       51      H       10.8049   -2.4083   -2.4012
  QMMM:    52       52      H       12.3361   -2.5703   -3.4188
  QMMM:    53       53      H       -1.1648   -1.8756   -1.6125
  QMMM:    54       54      H       -0.7087   -1.9091    0.1340
  QMMM:    55       55      H       -1.6751    0.3982    0.4304
  QMMM:    56       56      H       -2.1312    0.4315   -1.3160
  QMMM:    57       57      H       -3.5674   -1.6106   -0.9795
  QMMM:    58       58      H       -3.1116   -1.6433    0.7669
  QMMM:    59       59      H       -4.0767    0.6630    1.0617
  QMMM:    60       60      H       -4.5326    0.6955   -0.6845
  QMMM:    61       61      H       -6.4730    0.0481    0.7428
  QMMM:    62       62      H       -5.9985   -1.3232   -0.3418
  QMMM:    63       63      H       -5.5415   -1.3555    1.4092

           --------- Calculation Completed ----------

